<?xml version="1.0" encoding="UTF-8"?>
<!-- Generated by org.testng.reporters.JUnitXMLReporter -->
<testsuite ignored="0" hostname="TYSS-Pavan" failures="0" tests="5" name="Default test" time="0.073" errors="0" timestamp="2022-11-10T11:46:18 IST">
  <testcase classname="testng.practice.Group" name="addProducttocart" time="0.007"/>
  <testcase classname="testng.practice.Group" name="changeDelveryaddress" time="0.001"/>
  <testcase classname="testng.practice.Group" name="login" time="0.001"/>
  <testcase classname="testng.practice.Group" name="logout" time="0.001"/>
  <testcase classname="testng.practice.Group" name="singup" time="0.001"/>
</testsuite> <!-- Default test -->
