<?xml version="1.0" encoding="UTF-8"?>
<!-- Generated by org.testng.reporters.JUnitXMLReporter -->
<testsuite ignored="0" hostname="TYSS-Pavan" failures="0" tests="3" name="Test" time="0.053" errors="0" timestamp="2022-11-15T12:12:47 IST">
  <testcase classname="maven.CreateLeadTest" name="createlead" time="0.006"/>
  <testcase classname="maven.CreateContactTest" name="createcontact" time="0.001"/>
  <testcase classname="maven.CreateOrgTest" name="createorg" time="0.001"/>
</testsuite> <!-- Test -->
