<?xml version="1.0" encoding="UTF-8"?>
<!-- Generated by org.testng.reporters.JUnitXMLReporter -->
<testsuite ignored="0" hostname="TYSS-Pavan" failures="0" tests="4" name="Test" time="0.162" errors="0" timestamp="2022-11-17T11:46:03 IST">
  <testcase classname="maven.CreateLeadTest" name="createNewlead" time="0.022"/>
  <testcase classname="maven.CreateLeadTest" name="createlead" time="0.002"/>
  <testcase classname="maven.CreateContactTest" name="createcontact" time="0.003"/>
  <testcase classname="maven.CreateOrgTest" name="createorg" time="0.002"/>
</testsuite> <!-- Test -->
