<?xml version="1.0" encoding="UTF-8"?>
<testng-results ignored="0" total="1" passed="1" failed="0" skipped="0">
  <reporter-output>
  </reporter-output>
  <suite started-at="2022-12-09T12:38:53 IST" name="Default suite" finished-at="2022-12-09T12:38:57 IST" duration-ms="3705">
    <groups>
    </groups>
    <test started-at="2022-12-09T12:38:53 IST" name="Default test" finished-at="2022-12-09T12:38:57 IST" duration-ms="3705">
      <class name="practice.Report">
        <test-method signature="createreport()[pri:0, instance:practice.Report@4f2b503c]" started-at="2022-12-09T12:38:53 IST" name="createreport" finished-at="2022-12-09T12:38:57 IST" duration-ms="3677" status="PASS">
          <reporter-output>
          </reporter-output>
        </test-method> <!-- createreport -->
      </class> <!-- practice.Report -->
    </test> <!-- Default test -->
  </suite> <!-- Default suite -->
</testng-results>
