<?xml version="1.0" encoding="UTF-8"?>
<testng-results ignored="4" total="5" passed="1" failed="0" skipped="0">
  <reporter-output>
  </reporter-output>
  <suite started-at="2022-11-10T11:50:17 IST" name="Suite" finished-at="2022-11-10T11:50:17 IST" duration-ms="53">
    <groups>
      <group name="regional regression">
        <method signature="Group.addProducttocart()[pri:0, instance:testng.practice.Group@19e4653c]" name="addProducttocart" class="testng.practice.Group"/>
      </group> <!-- regional regression -->
    </groups>
    <test started-at="2022-11-10T11:50:17 IST" name="Test" finished-at="2022-11-10T11:50:17 IST" duration-ms="53">
      <class name="testng.practice.Group">
        <test-method signature="addProducttocart()[pri:0, instance:testng.practice.Group@19e4653c]" started-at="2022-11-10T11:50:17 IST" name="addProducttocart" finished-at="2022-11-10T11:50:17 IST" duration-ms="7" status="PASS">
          <reporter-output>
          </reporter-output>
        </test-method> <!-- addProducttocart -->
      </class> <!-- testng.practice.Group -->
    </test> <!-- Test -->
  </suite> <!-- Suite -->
</testng-results>
